[ 2020-11-24T17:14:28+08:00 ][ info ] [ BEHAVIOR ] Run Closure @app_init [ RunTime:0.000142s ]
[ info ] [ LOG ] INIT File
[ 2020-11-24T17:14:28+08:00 ][ info ] [ CACHE ] INIT File
[ 2020-11-24T17:14:28+08:00 ][ info ] [ BEHAVIOR ] Run \addons\epay\Epay @app_init [ RunTime:0.004745s ]
[ 2020-11-24T17:14:28+08:00 ][ info ] [ BEHAVIOR ] Run Closure @app_init [ RunTime:0.005275s ]
[ 2020-11-24T17:14:28+08:00 ][ info ] [ DB ] INIT mysql
[ 2020-11-24T17:37:14+08:00 ][ info ] [ BEHAVIOR ] Run Closure @app_init [ RunTime:0.000154s ]
[ info ] [ LOG ] INIT File
[ 2020-11-24T17:37:14+08:00 ][ info ] [ CACHE ] INIT File
[ 2020-11-24T17:37:14+08:00 ][ info ] [ BEHAVIOR ] Run \addons\epay\Epay @app_init [ RunTime:0.004891s ]
[ 2020-11-24T17:37:14+08:00 ][ info ] [ BEHAVIOR ] Run Closure @app_init [ RunTime:0.005699s ]
[ 2020-11-24T17:37:40+08:00 ][ info ] [ BEHAVIOR ] Run Closure @app_init [ RunTime:0.000143s ]
[ info ] [ LOG ] INIT File
[ 2020-11-24T17:37:40+08:00 ][ info ] [ CACHE ] INIT File
[ 2020-11-24T17:37:40+08:00 ][ info ] [ BEHAVIOR ] Run \addons\epay\Epay @app_init [ RunTime:0.004582s ]
[ 2020-11-24T17:37:40+08:00 ][ info ] [ BEHAVIOR ] Run Closure @app_init [ RunTime:0.005116s ]
[ 2020-11-24T17:37:40+08:00 ][ info ] [ DB ] INIT mysql
[ 2020-11-24T17:39:48+08:00 ][ info ] [ BEHAVIOR ] Run Closure @app_init [ RunTime:0.000138s ]
[ info ] [ LOG ] INIT File
[ 2020-11-24T17:39:48+08:00 ][ info ] [ CACHE ] INIT File
[ 2020-11-24T17:39:48+08:00 ][ info ] [ BEHAVIOR ] Run \addons\epay\Epay @app_init [ RunTime:0.004385s ]
[ 2020-11-24T17:39:48+08:00 ][ info ] [ BEHAVIOR ] Run Closure @app_init [ RunTime:0.004994s ]
[ 2020-11-24T17:39:48+08:00 ][ info ] [ DB ] INIT mysql
[ 2020-11-24T17:41:15+08:00 ][ info ] [ BEHAVIOR ] Run Closure @app_init [ RunTime:0.000140s ]
[ info ] [ LOG ] INIT File
[ 2020-11-24T17:41:15+08:00 ][ info ] [ CACHE ] INIT File
[ 2020-11-24T17:41:15+08:00 ][ info ] [ BEHAVIOR ] Run \addons\epay\Epay @app_init [ RunTime:0.003995s ]
[ 2020-11-24T17:41:15+08:00 ][ info ] [ BEHAVIOR ] Run Closure @app_init [ RunTime:0.004532s ]
[ 2020-11-24T17:42:04+08:00 ][ info ] [ BEHAVIOR ] Run Closure @app_init [ RunTime:0.000183s ]
[ info ] [ LOG ] INIT File
[ 2020-11-24T17:42:04+08:00 ][ info ] [ CACHE ] INIT File
[ 2020-11-24T17:42:04+08:00 ][ info ] [ BEHAVIOR ] Run \addons\epay\Epay @app_init [ RunTime:0.004820s ]
[ 2020-11-24T17:42:04+08:00 ][ info ] [ BEHAVIOR ] Run Closure @app_init [ RunTime:0.005484s ]
[ 2020-11-24T17:42:38+08:00 ][ info ] [ BEHAVIOR ] Run Closure @app_init [ RunTime:0.000159s ]
[ info ] [ LOG ] INIT File
[ 2020-11-24T17:42:38+08:00 ][ info ] [ CACHE ] INIT File
[ 2020-11-24T17:42:38+08:00 ][ info ] [ BEHAVIOR ] Run \addons\epay\Epay @app_init [ RunTime:0.004502s ]
[ 2020-11-24T17:42:38+08:00 ][ info ] [ BEHAVIOR ] Run Closure @app_init [ RunTime:0.005092s ]
[ 2020-11-24T17:43:03+08:00 ][ info ] [ BEHAVIOR ] Run Closure @app_init [ RunTime:0.000151s ]
[ info ] [ LOG ] INIT File
[ 2020-11-24T17:43:03+08:00 ][ info ] [ CACHE ] INIT File
[ 2020-11-24T17:43:03+08:00 ][ info ] [ BEHAVIOR ] Run \addons\epay\Epay @app_init [ RunTime:0.005454s ]
[ 2020-11-24T17:43:03+08:00 ][ info ] [ BEHAVIOR ] Run Closure @app_init [ RunTime:0.006045s ]
[ 2020-11-24T17:43:59+08:00 ][ info ] [ BEHAVIOR ] Run Closure @app_init [ RunTime:0.000148s ]
[ info ] [ LOG ] INIT File
[ 2020-11-24T17:43:59+08:00 ][ info ] [ CACHE ] INIT File
[ 2020-11-24T17:43:59+08:00 ][ info ] [ BEHAVIOR ] Run \addons\epay\Epay @app_init [ RunTime:0.004352s ]
[ 2020-11-24T17:43:59+08:00 ][ info ] [ BEHAVIOR ] Run Closure @app_init [ RunTime:0.004973s ]
[ 2020-11-24T17:44:24+08:00 ][ info ] [ BEHAVIOR ] Run Closure @app_init [ RunTime:0.000142s ]
[ info ] [ LOG ] INIT File
[ 2020-11-24T17:44:24+08:00 ][ info ] [ CACHE ] INIT File
[ 2020-11-24T17:44:24+08:00 ][ info ] [ BEHAVIOR ] Run \addons\epay\Epay @app_init [ RunTime:0.005016s ]
[ 2020-11-24T17:44:24+08:00 ][ info ] [ BEHAVIOR ] Run Closure @app_init [ RunTime:0.005653s ]
[ 2020-11-24T17:46:07+08:00 ][ info ] [ BEHAVIOR ] Run Closure @app_init [ RunTime:0.000153s ]
[ info ] [ LOG ] INIT File
[ 2020-11-24T17:46:07+08:00 ][ info ] [ CACHE ] INIT File
[ 2020-11-24T17:46:07+08:00 ][ info ] [ BEHAVIOR ] Run \addons\epay\Epay @app_init [ RunTime:0.004702s ]
[ 2020-11-24T17:46:07+08:00 ][ info ] [ BEHAVIOR ] Run Closure @app_init [ RunTime:0.005246s ]
[ 2020-11-24T17:47:23+08:00 ][ info ] [ BEHAVIOR ] Run Closure @app_init [ RunTime:0.000185s ]
[ info ] [ LOG ] INIT File
[ 2020-11-24T17:47:23+08:00 ][ info ] [ CACHE ] INIT File
[ 2020-11-24T17:47:23+08:00 ][ info ] [ BEHAVIOR ] Run \addons\epay\Epay @app_init [ RunTime:0.005286s ]
[ 2020-11-24T17:47:23+08:00 ][ info ] [ BEHAVIOR ] Run Closure @app_init [ RunTime:0.005939s ]
[ 2020-11-24T17:47:23+08:00 ][ info ] [ DB ] INIT mysql
[ 2020-11-24T17:50:26+08:00 ][ info ] [ BEHAVIOR ] Run Closure @app_init [ RunTime:0.000133s ]
[ info ] [ LOG ] INIT File
[ 2020-11-24T17:50:26+08:00 ][ info ] [ CACHE ] INIT File
[ 2020-11-24T17:50:26+08:00 ][ info ] [ BEHAVIOR ] Run \addons\epay\Epay @app_init [ RunTime:0.004028s ]
[ 2020-11-24T17:50:26+08:00 ][ info ] [ BEHAVIOR ] Run Closure @app_init [ RunTime:0.004551s ]
[ 2020-11-24T17:50:26+08:00 ][ info ] [ DB ] INIT mysql
[ 2020-11-24T17:51:12+08:00 ][ info ] [ BEHAVIOR ] Run Closure @app_init [ RunTime:0.000161s ]
[ info ] [ LOG ] INIT File
[ 2020-11-24T17:51:12+08:00 ][ info ] [ CACHE ] INIT File
[ 2020-11-24T17:51:12+08:00 ][ info ] [ BEHAVIOR ] Run \addons\epay\Epay @app_init [ RunTime:0.004387s ]
[ 2020-11-24T17:51:12+08:00 ][ info ] [ BEHAVIOR ] Run Closure @app_init [ RunTime:0.004988s ]
[ 2020-11-24T17:51:12+08:00 ][ info ] [ DB ] INIT mysql
